TN:
SF:src\modules\doctor\useCases\createDoctor\CreateDoctorUseCase.ts
FN:20,CreateDoctorUseCase
FN:25,Object.<anonymous>.CreateDoctorUseCase.execute
FNF:2
FNH:2
FNDA:3,CreateDoctorUseCase
FNDA:4,Object.<anonymous>.CreateDoctorUseCase.execute
DA:1,1
DA:2,1
DA:3,1
DA:4,1
DA:5,1
DA:6,1
DA:7,1
DA:8,1
DA:9,1
DA:10,1
DA:11,1
DA:12,1
DA:13,1
DA:14,1
DA:15,1
DA:16,1
DA:17,1
DA:18,1
DA:19,1
DA:20,1
DA:21,3
DA:22,3
DA:23,3
DA:24,3
DA:25,1
DA:26,4
DA:27,4
DA:28,4
DA:29,4
DA:30,4
DA:31,4
DA:32,4
DA:33,4
DA:34,4
DA:35,1
DA:36,1
DA:37,3
DA:38,4
DA:39,1
DA:40,1
DA:41,2
DA:42,2
DA:43,2
DA:44,2
DA:45,4
DA:46,4
DA:47,4
DA:48,4
DA:49,4
DA:50,4
DA:51,4
DA:52,1
DA:53,1
DA:54,1
DA:55,1
DA:56,1
DA:57,1
DA:58,4
DA:59,4
DA:60,4
DA:61,1
DA:62,1
DA:63,1
LF:63
LH:63
BRDA:19,0,0,1
BRDA:20,1,0,3
BRDA:25,2,0,4
BRDA:32,3,0,4
BRDA:34,4,0,1
BRDA:37,5,0,3
BRDA:38,6,0,1
BRDA:41,7,0,2
BRDA:51,8,0,1
BRDA:59,9,0,2
BRF:10
BRH:10
end_of_record
TN:
SF:src\modules\doctor\useCases\createSpecialy\CreateSpecialtyUseCase.ts
FN:11,CreateSpecialtyUseCase
FN:12,Object.<anonymous>.CreateSpecialtyUseCase.execute
FNF:2
FNH:2
FNDA:2,CreateSpecialtyUseCase
FNDA:3,Object.<anonymous>.CreateSpecialtyUseCase.execute
DA:1,1
DA:2,1
DA:3,1
DA:4,1
DA:5,1
DA:6,1
DA:7,1
DA:8,1
DA:9,1
DA:10,1
DA:11,1
DA:12,1
DA:13,3
DA:14,3
DA:15,3
DA:16,1
DA:17,1
DA:18,2
DA:19,3
DA:20,3
DA:21,1
DA:22,1
DA:23,1
LF:23
LH:23
BRDA:10,0,0,1
BRDA:11,1,0,2
BRDA:12,2,0,3
BRDA:13,3,0,3
BRDA:15,4,0,1
BRDA:18,5,0,2
BRF:6
BRH:6
end_of_record
