TN:
SF:src\modules\doctor\useCases\CreateSpecialtyUseCase.ts
FN:10,CreateSpecialtyUseCase
FN:11,Object.<anonymous>.CreateSpecialtyUseCase.execute
FNF:2
FNH:2
FNDA:2,CreateSpecialtyUseCase
FNDA:3,Object.<anonymous>.CreateSpecialtyUseCase.execute
DA:1,1
DA:2,1
DA:3,1
DA:4,1
DA:5,1
DA:6,1
DA:7,1
DA:8,1
DA:9,1
DA:10,1
DA:11,1
DA:12,3
DA:13,3
DA:14,3
DA:15,1
DA:16,1
DA:17,2
DA:18,3
DA:19,3
DA:20,1
DA:21,1
DA:22,1
LF:22
LH:22
BRDA:9,0,0,1
BRDA:10,1,0,2
BRDA:11,2,0,3
BRDA:12,3,0,3
BRDA:14,4,0,1
BRDA:17,5,0,2
BRF:6
BRH:6
end_of_record
